# JRE version: Java(TM) SE Runtime Environment (8.0_161-b12) (build 1.8.0_161-b12)
# Java VM: Java HotSpot(TM) 64-Bit Server VM (25.161-b12 mixed mode linux-amd64 compressed oops)
Heap:
 PSYoungGen      total 243200K, used 199600K [0x00000000efb80000, 0x00000000fff80000, 0x0000000100000000)
  eden space 220160K, 82% used [0x00000000efb80000,0x00000000fada4370,0x00000000fd280000)
  from space 23040K, 74% used [0x00000000fe900000,0x00000000ff9c8058,0x00000000fff80000)
  to   space 23040K, 0% used [0x00000000fd280000,0x00000000fd280000,0x00000000fe900000)
 ParOldGen       total 153600K, used 91675K [0x00000000cf200000, 0x00000000d8800000, 0x00000000efb80000)
  object space 153600K, 59% used [0x00000000cf200000,0x00000000d4b86fd8,0x00000000d8800000)
 Metaspace       used 116109K, capacity 128678K, committed 129044K, reserved 1161216K
  class space    used 13543K, capacity 17347K, committed 17468K, reserved 1048576K
GC Heap History (10 events):
Event: 9437.345 GC heap before
{Heap before GC invocations=254 (full 6):
 PSYoungGen      total 245248K, used 223744K [0x00000000efb80000, 0x0000000100000000, 0x0000000100000000)
  eden space 223744K, 100% used [0x00000000efb80000,0x00000000fd600000,0x00000000fd600000)
  from space 21504K, 0% used [0x00000000fd600000,0x00000000fd600000,0x00000000feb00000)
  to   space 21504K, 0% used [0x00000000feb00000,0x00000000feb00000,0x0000000100000000)
 ParOldGen       total 153600K, used 91675K [0x00000000cf200000, 0x00000000d8800000, 0x00000000efb80000)
  object space 153600K, 59% used [0x00000000cf200000,0x00000000d4b86fd8,0x00000000d8800000)
 Metaspace       used 113322K, capacity 125428K, committed 125716K, reserved 1159168K
  class space    used 13193K, capacity 16903K, committed 16956K, reserved 1048576K
Event: 9437.381 GC heap after
Heap after GC invocations=254 (full 6):
 PSYoungGen      total 238080K, used 8627K [0x00000000efb80000, 0x0000000100000000, 0x0000000100000000)
  eden space 216576K, 0% used [0x00000000efb80000,0x00000000efb80000,0x00000000fcf00000)
  from space 21504K, 40% used [0x00000000feb00000,0x00000000ff36cd88,0x0000000100000000)
  to   space 25088K, 0% used [0x00000000fcf00000,0x00000000fcf00000,0x00000000fe780000)
 ParOldGen       total 153600K, used 91675K [0x00000000cf200000, 0x00000000d8800000, 0x00000000efb80000)
  object space 153600K, 59% used [0x00000000cf200000,0x00000000d4b86fd8,0x00000000d8800000)
 Metaspace       used 113322K, capacity 125428K, committed 125716K, reserved 1159168K
  class space    used 13193K, capacity 16903K, committed 16956K, reserved 1048576K
}
Event: 10288.975 GC heap before
{Heap before GC invocations=255 (full 6):
 PSYoungGen      total 238080K, used 225203K [0x00000000efb80000, 0x0000000100000000, 0x0000000100000000)
  eden space 216576K, 100% used [0x00000000efb80000,0x00000000fcf00000,0x00000000fcf00000)
  from space 21504K, 40% used [0x00000000feb00000,0x00000000ff36cd88,0x0000000100000000)
  to   space 25088K, 0% used [0x00000000fcf00000,0x00000000fcf00000,0x00000000fe780000)
 ParOldGen       total 153600K, used 91675K [0x00000000cf200000, 0x00000000d8800000, 0x00000000efb80000)
  object space 153600K, 59% used [0x00000000cf200000,0x00000000d4b86fd8,0x00000000d8800000)
 Metaspace       used 113358K, capacity 125504K, committed 125716K, reserved 1159168K
  class space    used 13194K, capacity 16905K, committed 16956K, reserved 1048576K
Event: 10289.013 GC heap after
Heap after GC invocations=255 (full 6):
 PSYoungGen      total 241664K, used 11171K [0x00000000efb80000, 0x0000000100000000, 0x0000000100000000)
  eden space 216576K, 0% used [0x00000000efb80000,0x00000000efb80000,0x00000000fcf00000)
  from space 25088K, 44% used [0x00000000fcf00000,0x00000000fd9e8d58,0x00000000fe780000)
  to   space 24576K, 0% used [0x00000000fe800000,0x00000000fe800000,0x0000000100000000)
 ParOldGen       total 153600K, used 91675K [0x00000000cf200000, 0x00000000d8800000, 0x00000000efb80000)
  object space 153600K, 59% used [0x00000000cf200000,0x00000000d4b86fd8,0x00000000d8800000)
 Metaspace       used 113358K, capacity 125504K, committed 125716K, reserved 1159168K
  class space    used 13194K, capacity 16905K, committed 16956K, reserved 1048576K
}
Event: 12324.713 GC heap before
{Heap before GC invocations=256 (full 6):
 PSYoungGen      total 241664K, used 227747K [0x00000000efb80000, 0x0000000100000000, 0x0000000100000000)
  eden space 216576K, 100% used [0x00000000efb80000,0x00000000fcf00000,0x00000000fcf00000)
  from space 25088K, 44% used [0x00000000fcf00000,0x00000000fd9e8d58,0x00000000fe780000)
  to   space 24576K, 0% used [0x00000000fe800000,0x00000000fe800000,0x0000000100000000)
 ParOldGen       total 153600K, used 91675K [0x00000000cf200000, 0x00000000d8800000, 0x00000000efb80000)
  object space 153600K, 59% used [0x00000000cf200000,0x00000000d4b86fd8,0x00000000d8800000)
 Metaspace       used 113540K, capacity 125836K, committed 125972K, reserved 1159168K
  class space    used 13196K, capacity 16907K, committed 16956K, reserved 1048576K
Event: 12324.752 GC heap after
Heap after GC invocations=256 (full 6):
 PSYoungGen      total 239104K, used 13183K [0x00000000efb80000, 0x00000000ffd80000, 0x0000000100000000)
  eden space 217088K, 0% used [0x00000000efb80000,0x00000000efb80000,0x00000000fcf80000)
  from space 22016K, 59% used [0x00000000fe800000,0x00000000ff4dfc88,0x00000000ffd80000)
  to   space 23552K, 0% used [0x00000000fcf80000,0x00000000fcf80000,0x00000000fe680000)
 ParOldGen       total 153600K, used 91675K [0x00000000cf200000, 0x00000000d8800000, 0x00000000efb80000)
  object space 153600K, 59% used [0x00000000cf200000,0x00000000d4b86fd8,0x00000000d8800000)
 Metaspace       used 113540K, capacity 125836K, committed 125972K, reserved 1159168K
  class space    used 13196K, capacity 16907K, committed 16956K, reserved 1048576K
}
Event: 12346.031 GC heap before
{Heap before GC invocations=257 (full 6):
 PSYoungGen      total 239104K, used 230271K [0x00000000efb80000, 0x00000000ffd80000, 0x0000000100000000)
  eden space 217088K, 100% used [0x00000000efb80000,0x00000000fcf80000,0x00000000fcf80000)
  from space 22016K, 59% used [0x00000000fe800000,0x00000000ff4dfc88,0x00000000ffd80000)
  to   space 23552K, 0% used [0x00000000fcf80000,0x00000000fcf80000,0x00000000fe680000)
 ParOldGen       total 153600K, used 91675K [0x00000000cf200000, 0x00000000d8800000, 0x00000000efb80000)
  object space 153600K, 59% used [0x00000000cf200000,0x00000000d4b86fd8,0x00000000d8800000)
 Metaspace       used 113575K, capacity 125866K, committed 125972K, reserved 1159168K
  class space    used 13198K, capacity 16912K, committed 16956K, reserved 1048576K
Event: 12346.070 GC heap after
Heap after GC invocations=257 (full 6):
 PSYoungGen      total 240640K, used 13976K [0x00000000efb80000, 0x00000000fff80000, 0x0000000100000000)
  eden space 217088K, 0% used [0x00000000efb80000,0x00000000efb80000,0x00000000fcf80000)
  from space 23552K, 59% used [0x00000000fcf80000,0x00000000fdd260c0,0x00000000fe680000)
  to   space 23040K, 0% used [0x00000000fe900000,0x00000000fe900000,0x00000000fff80000)
 ParOldGen       total 153600K, used 91675K [0x00000000cf200000, 0x00000000d8800000, 0x00000000efb80000)
  object space 153600K, 59% used [0x00000000cf200000,0x00000000d4b86fd8,0x00000000d8800000)
 Metaspace       used 113575K, capacity 125866K, committed 125972K, reserved 1159168K
  class space    used 13198K, capacity 16912K, committed 16956K, reserved 1048576K
}
Event: 12361.301 GC heap before
{Heap before GC invocations=258 (full 6):
 PSYoungGen      total 240640K, used 231064K [0x00000000efb80000, 0x00000000fff80000, 0x0000000100000000)
  eden space 217088K, 100% used [0x00000000efb80000,0x00000000fcf80000,0x00000000fcf80000)
  from space 23552K, 59% used [0x00000000fcf80000,0x00000000fdd260c0,0x00000000fe680000)
  to   space 23040K, 0% used [0x00000000fe900000,0x00000000fe900000,0x00000000fff80000)
 ParOldGen       total 153600K, used 91675K [0x00000000cf200000, 0x00000000d8800000, 0x00000000efb80000)
  object space 153600K, 59% used [0x00000000cf200000,0x00000000d4b86fd8,0x00000000d8800000)
 Metaspace       used 113621K, capacity 125936K, committed 126228K, reserved 1159168K
  class space    used 13199K, capacity 16913K, committed 16956K, reserved 1048576K
Event: 12361.343 GC heap after
Heap after GC invocations=258 (full 6):
 PSYoungGen      total 243200K, used 17184K [0x00000000efb80000, 0x00000000fff80000, 0x0000000100000000)
  eden space 220160K, 0% used [0x00000000efb80000,0x00000000efb80000,0x00000000fd280000)
  from space 23040K, 74% used [0x00000000fe900000,0x00000000ff9c8058,0x00000000fff80000)
  to   space 23040K, 0% used [0x00000000fd280000,0x00000000fd280000,0x00000000fe900000)
 ParOldGen       total 153600K, used 91675K [0x00000000cf200000, 0x00000000d8800000, 0x00000000efb80000)
  object space 153600K, 59% used [0x00000000cf200000,0x00000000d4b86fd8,0x00000000d8800000)
 Metaspace       used 113621K, capacity 125936K, committed 126228K, reserved 1159168K
  class space    used 13199K, capacity 16913K, committed 16956K, reserved 1048576K
}

